Creating project at [1m/Users/affaustino/Projects/UTILS/quarto/work/2c/72ab9e667c6278b3765451a8966a89[22m:
  - Created _quarto.yml
  - Created .gitignore
  - Created index.qmd
  - Created about.qmd
  - Created styles.css
[1m[34m[1/3] index.qmd[39m[22m
[1m[34m[2/3] about.qmd[39m[22m
[1m[34m[3/3] step_03.qmd[39m[22m

Starting py3817 kernel...2023-10-03 15:36:21,171 - papermill.translators - WARNING - Black is not installed, parameters wont be formatted
Done

Executing 'step_03.ipynb'
  Cell 1/5...Done
  Cell 2/5...Done
  Cell 3/5...Done
  Cell 4/5...Done
  Cell 5/5...Done


Starting py3817 kernel...2023-10-03 15:36:24,809 - papermill.translators - WARNING - Black is not installed, parameters wont be formatted
Done

Executing 'step_03.ipynb'
  Cell 1/5...Done
  Cell 2/5...Done
  Cell 3/5...Done
  Cell 4/5...Done
  Cell 5/5...Done


Output created: _site/index.html

