[1m[34m[1/5] about.qmd[39m[22m
[1m[34m[2/5] index.qmd[39m[22m
[31m

processing file: index.qmd
[39m1/2                  
2/2 [unnamed-chunk-1]
[31moutput file: index.knit.md

[39m[31m

processing file: index.qmd
[39m1/2                  
2/2 [unnamed-chunk-1]
[31moutput file: index.knit.md

[39m[1m[34m[3/5] references.qmd[39m[22m
[1m[34m[4/5] step_01.qmd[39m[22m
[31m

processing file: step_01.qmd
[39m1/5                  
2/5 [unnamed-chunk-1]
3/5                  
4/5 [unnamed-chunk-2]
5/5                  
[31moutput file: step_01.knit.md

[39m[31m

processing file: step_01.qmd
[39m1/5                  
2/5 [unnamed-chunk-1]
3/5                  
4/5 [unnamed-chunk-2]
5/5                  
[31moutput file: step_01.knit.md

[39m[1m[34m[5/5] step_03.qmd[39m[22m

Starting py3817 kernel...Done

Executing 'step_03.ipynb'
  Cell 1/4...Done
  Cell 2/4...Done
  Cell 3/4...Done
  Cell 4/4...Done


Starting py3817 kernel...Done

Executing 'step_03.ipynb'
  Cell 1/4...Done
  Cell 2/4...Done
  Cell 3/4...Done
  Cell 4/4...Done


Output created: report/index.html

