Creating project at [1m/Users/affaustino/Projects/UTILS/quarto/work/4d/750e13f1e7841db53e7fa1c7670253[22m:
  - Created _quarto.yml
  - Created .gitignore
  - Created index.qmd
  - Created about.qmd
  - Created styles.css
[1m[34m[1/3] index.qmd[39m[22m
[1m[34m[2/3] about.qmd[39m[22m
[1m[34m[3/3] step_01.qmd[39m[22m
[31m

processing file: step_01.qmd
[39m1/5                  
2/5 [unnamed-chunk-1]
3/5                  
4/5 [unnamed-chunk-2]
5/5                  
[31moutput file: step_01.knit.md

[39m[31m

processing file: step_01.qmd
[39m1/5                  
2/5 [unnamed-chunk-1]
3/5                  
4/5 [unnamed-chunk-2]
5/5                  
[31moutput file: step_01.knit.md

[39m
Output created: _site/index.html

